[2020-02-15 21:17:27] 
 Текст ошибки: Контроллер <b>app\controllers\JController</b> не найден! 
 Файл: C:\OSPanel\domains\fw.loc\vendor\fw\core\Router.php 
 Строка: 99
===================================================================================================================================
[2020-02-15 21:20:30] 
 Текст ошибки: Старница не найдена! 
 Файл: C:\OSPanel\domains\fw.loc\vendor\fw\core\Router.php 
 Строка: 102
===================================================================================================================================
[2020-02-15 21:20:38] 
 Текст ошибки: Контроллер <b>app\controllers\admin\LoginController</b> не найден! 
 Файл: C:\OSPanel\domains\fw.loc\vendor\fw\core\Router.php 
 Строка: 99
===================================================================================================================================
[2020-02-15 21:23:25] 
 Текст ошибки: Контроллер <b>app\controllers\admin\LoginController</b> не найден! 
 Файл: C:\OSPanel\domains\fw.loc\vendor\fw\core\Router.php 
 Строка: 99
===================================================================================================================================
[2020-02-15 21:23:50] 
 Текст ошибки: Контроллер <b>app\controllers\LoginController</b> не найден! 
 Файл: C:\OSPanel\domains\fw.loc\vendor\fw\core\Router.php 
 Строка: 99
===================================================================================================================================
[2020-02-15 21:23:56] 
 Текст ошибки: Контроллер <b>app\controllers\LoginController</b> не найден! 
 Файл: C:\OSPanel\domains\fw.loc\vendor\fw\core\Router.php 
 Строка: 99
===================================================================================================================================
[2020-02-15 21:24:03] 
 Текст ошибки: Старница не найдена! 
 Файл: C:\OSPanel\domains\fw.loc\vendor\fw\core\Router.php 
 Строка: 102
===================================================================================================================================
